<?xml version="1.0" encoding="UTF-8"?>
<testsuite name="com.example.WebProject.WebProjectApplicationTests" tests="1" skipped="0" failures="0" errors="0" timestamp="2021-02-06T02:44:29" hostname="imseong-gyuui-MacBookPro.local" time="0.42">
  <properties/>
  <testcase name="contextLoads()" classname="com.example.WebProject.WebProjectApplicationTests" time="0.42"/>
  <system-out><![CDATA[11:44:27.143 [Test worker] DEBUG org.springframework.test.context.BootstrapUtils - Instantiating CacheAwareContextLoaderDelegate from class [org.springframework.test.context.cache.DefaultCacheAwareContextLoaderDelegate]
11:44:27.158 [Test worker] DEBUG org.springframework.test.context.BootstrapUtils - Instantiating BootstrapContext using constructor [public org.springframework.test.context.support.DefaultBootstrapContext(java.lang.Class,org.springframework.test.context.CacheAwareContextLoaderDelegate)]
11:44:27.209 [Test worker] DEBUG org.springframework.test.context.BootstrapUtils - Instantiating TestContextBootstrapper for test class [com.example.WebProject.WebProjectApplicationTests] from class [org.springframework.boot.test.context.SpringBootTestContextBootstrapper]
11:44:27.226 [Test worker] INFO org.springframework.boot.test.context.SpringBootTestContextBootstrapper - Neither @ContextConfiguration nor @ContextHierarchy found for test class [com.example.WebProject.WebProjectApplicationTests], using SpringBootContextLoader
11:44:27.233 [Test worker] DEBUG org.springframework.test.context.support.AbstractContextLoader - Did not detect default resource location for test class [com.example.WebProject.WebProjectApplicationTests]: class path resource [com/example/WebProject/WebProjectApplicationTests-context.xml] does not exist
11:44:27.234 [Test worker] DEBUG org.springframework.test.context.support.AbstractContextLoader - Did not detect default resource location for test class [com.example.WebProject.WebProjectApplicationTests]: class path resource [com/example/WebProject/WebProjectApplicationTestsContext.groovy] does not exist
11:44:27.234 [Test worker] INFO org.springframework.test.context.support.AbstractContextLoader - Could not detect default resource locations for test class [com.example.WebProject.WebProjectApplicationTests]: no resource found for suffixes {-context.xml, Context.groovy}.
11:44:27.235 [Test worker] INFO org.springframework.test.context.support.AnnotationConfigContextLoaderUtils - Could not detect default configuration classes for test class [com.example.WebProject.WebProjectApplicationTests]: WebProjectApplicationTests does not declare any static, non-private, non-final, nested classes annotated with @Configuration.
11:44:27.311 [Test worker] DEBUG org.springframework.test.context.support.ActiveProfilesUtils - Could not find an 'annotation declaring class' for annotation type [org.springframework.test.context.ActiveProfiles] and class [com.example.WebProject.WebProjectApplicationTests]
11:44:27.386 [Test worker] DEBUG org.springframework.context.annotation.ClassPathScanningCandidateComponentProvider - Identified candidate component class: file [/Users/limseongkyu/Documents/wano-country/funnyTest/WebProject/build/classes/java/main/com/example/WebProject/WebProjectApplication.class]
11:44:27.388 [Test worker] INFO org.springframework.boot.test.context.SpringBootTestContextBootstrapper - Found @SpringBootConfiguration com.example.WebProject.WebProjectApplication for test class com.example.WebProject.WebProjectApplicationTests
11:44:27.512 [Test worker] DEBUG org.springframework.boot.test.context.SpringBootTestContextBootstrapper - @TestExecutionListeners is not present for class [com.example.WebProject.WebProjectApplicationTests]: using defaults.
11:44:27.512 [Test worker] INFO org.springframework.boot.test.context.SpringBootTestContextBootstrapper - Loaded default TestExecutionListener class names from location [META-INF/spring.factories]: [org.springframework.boot.test.autoconfigure.restdocs.RestDocsTestExecutionListener, org.springframework.boot.test.autoconfigure.web.client.MockRestServiceServerResetTestExecutionListener, org.springframework.boot.test.autoconfigure.web.servlet.MockMvcPrintOnlyOnFailureTestExecutionListener, org.springframework.boot.test.autoconfigure.web.servlet.WebDriverTestExecutionListener, org.springframework.boot.test.autoconfigure.webservices.client.MockWebServiceServerTestExecutionListener, org.springframework.boot.test.mock.mockito.MockitoTestExecutionListener, org.springframework.boot.test.mock.mockito.ResetMocksTestExecutionListener, org.springframework.test.context.web.ServletTestExecutionListener, org.springframework.test.context.support.DirtiesContextBeforeModesTestExecutionListener, org.springframework.test.context.event.ApplicationEventsTestExecutionListener, org.springframework.test.context.support.DependencyInjectionTestExecutionListener, org.springframework.test.context.support.DirtiesContextTestExecutionListener, org.springframework.test.context.transaction.TransactionalTestExecutionListener, org.springframework.test.context.jdbc.SqlScriptsTestExecutionListener, org.springframework.test.context.event.EventPublishingTestExecutionListener]
11:44:27.529 [Test worker] DEBUG org.springframework.boot.test.context.SpringBootTestContextBootstrapper - Skipping candidate TestExecutionListener [org.springframework.test.context.transaction.TransactionalTestExecutionListener] due to a missing dependency. Specify custom listener classes or make the default listener classes and their required dependencies available. Offending class: [org/springframework/transaction/TransactionDefinition]
11:44:27.530 [Test worker] DEBUG org.springframework.boot.test.context.SpringBootTestContextBootstrapper - Skipping candidate TestExecutionListener [org.springframework.test.context.jdbc.SqlScriptsTestExecutionListener] due to a missing dependency. Specify custom listener classes or make the default listener classes and their required dependencies available. Offending class: [org/springframework/transaction/interceptor/TransactionAttribute]
11:44:27.530 [Test worker] INFO org.springframework.boot.test.context.SpringBootTestContextBootstrapper - Using TestExecutionListeners: [org.springframework.test.context.web.ServletTestExecutionListener@4ffa5bc4, org.springframework.test.context.support.DirtiesContextBeforeModesTestExecutionListener@f4b85a0, org.springframework.test.context.event.ApplicationEventsTestExecutionListener@1ddd3784, org.springframework.boot.test.mock.mockito.MockitoTestExecutionListener@65070a9, org.springframework.boot.test.autoconfigure.SpringBootDependencyInjectionTestExecutionListener@1b693fdc, org.springframework.test.context.support.DirtiesContextTestExecutionListener@485ccf94, org.springframework.test.context.event.EventPublishingTestExecutionListener@3cc9a00c, org.springframework.boot.test.autoconfigure.restdocs.RestDocsTestExecutionListener@39194a04, org.springframework.boot.test.autoconfigure.web.client.MockRestServiceServerResetTestExecutionListener@6b5c0524, org.springframework.boot.test.autoconfigure.web.servlet.MockMvcPrintOnlyOnFailureTestExecutionListener@455257b4, org.springframework.boot.test.autoconfigure.web.servlet.WebDriverTestExecutionListener@34ea46d2, org.springframework.boot.test.autoconfigure.webservices.client.MockWebServiceServerTestExecutionListener@47507321, org.springframework.boot.test.mock.mockito.ResetMocksTestExecutionListener@4c2e2bca]
11:44:27.534 [Test worker] DEBUG org.springframework.test.context.support.AbstractDirtiesContextTestExecutionListener - Before test class: context [DefaultTestContext@5f835eed testClass = WebProjectApplicationTests, testInstance = [null], testMethod = [null], testException = [null], mergedContextConfiguration = [WebMergedContextConfiguration@33785104 testClass = WebProjectApplicationTests, locations = '{}', classes = '{class com.example.WebProject.WebProjectApplication}', contextInitializerClasses = '[]', activeProfiles = '{}', propertySourceLocations = '{}', propertySourceProperties = '{org.springframework.boot.test.context.SpringBootTestContextBootstrapper=true}', contextCustomizers = set[org.springframework.boot.test.autoconfigure.actuate.metrics.MetricsExportContextCustomizerFactory$DisableMetricExportContextCustomizer@2037ee0e, org.springframework.boot.test.autoconfigure.properties.PropertyMappingContextCustomizer@0, org.springframework.boot.test.autoconfigure.web.servlet.WebDriverContextCustomizerFactory$Customizer@3413e8ca, org.springframework.boot.test.context.filter.ExcludeFilterContextCustomizer@2e2be74f, org.springframework.boot.test.json.DuplicateJsonObjectContextCustomizerFactory$DuplicateJsonObjectContextCustomizer@36d0e13a, org.springframework.boot.test.mock.mockito.MockitoContextCustomizer@0, org.springframework.boot.test.web.client.TestRestTemplateContextCustomizer@d55dbe5, org.springframework.boot.test.context.SpringBootTestArgs@1, org.springframework.boot.test.context.SpringBootTestWebEnvironment@7bf2c623], resourceBasePath = 'src/main/webapp', contextLoader = 'org.springframework.boot.test.context.SpringBootContextLoader', parent = [null]], attributes = map['org.springframework.test.context.web.ServletTestExecutionListener.activateListener' -> true]], class annotated with @DirtiesContext [false] with mode [null].
11:44:27.564 [Test worker] DEBUG org.springframework.test.context.support.TestPropertySourceUtils - Adding inlined properties to environment: {spring.jmx.enabled=false, org.springframework.boot.test.context.SpringBootTestContextBootstrapper=true}

  .   ____          _            __ _ _
 /\\ / ___'_ __ _ _(_)_ __  __ _ \ \ \ \
( ( )\___ | '_ | '_| | '_ \/ _` | \ \ \ \
 \\/  ___)| |_)| | | | | || (_| |  ) ) ) )
  '  |____| .__|_| |_|_| |_\__, | / / / /
 =========|_|==============|___/=/_/_/_/
 :: Spring Boot ::                (v2.4.2)

2021-02-06 11:44:27.887  INFO 4386 --- [    Test worker] c.e.W.WebProjectApplicationTests         : Starting WebProjectApplicationTests using Java 11.0.7 on imseong-gyuui-MacBookPro.local with PID 4386 (started by limseongkyu in /Users/limseongkyu/Documents/wano-country/funnyTest/WebProject)
2021-02-06 11:44:27.890  INFO 4386 --- [    Test worker] c.e.W.WebProjectApplicationTests         : No active profile set, falling back to default profiles: default
2021-02-06 11:44:29.026  INFO 4386 --- [    Test worker] o.s.s.concurrent.ThreadPoolTaskExecutor  : Initializing ExecutorService 'applicationTaskExecutor'
2021-02-06 11:44:29.124  INFO 4386 --- [    Test worker] o.s.b.a.w.s.WelcomePageHandlerMapping    : Adding welcome page: class path resource [static/index.html]
2021-02-06 11:44:29.286  INFO 4386 --- [    Test worker] c.e.W.WebProjectApplicationTests         : Started WebProjectApplicationTests in 1.713 seconds (JVM running for 3.184)
]]></system-out>
  <system-err><![CDATA[]]></system-err>
</testsuite>
