<?xml version="1.0" encoding="UTF-8"?>
<testsuite name="com.example.WebProject.WebProjectApplicationTests" tests="1" skipped="0" failures="0" errors="0" timestamp="2021-02-02T11:26:32" hostname="gimseongjun-ui-MacBookPro.local" time="0.51">
  <properties/>
  <testcase name="contextLoads()" classname="com.example.WebProject.WebProjectApplicationTests" time="0.51"/>
  <system-out><![CDATA[20:26:30.022 [Test worker] DEBUG org.springframework.test.context.BootstrapUtils - Instantiating CacheAwareContextLoaderDelegate from class [org.springframework.test.context.cache.DefaultCacheAwareContextLoaderDelegate]
20:26:30.037 [Test worker] DEBUG org.springframework.test.context.BootstrapUtils - Instantiating BootstrapContext using constructor [public org.springframework.test.context.support.DefaultBootstrapContext(java.lang.Class,org.springframework.test.context.CacheAwareContextLoaderDelegate)]
20:26:30.077 [Test worker] DEBUG org.springframework.test.context.BootstrapUtils - Instantiating TestContextBootstrapper for test class [com.example.WebProject.WebProjectApplicationTests] from class [org.springframework.boot.test.context.SpringBootTestContextBootstrapper]
20:26:30.095 [Test worker] INFO org.springframework.boot.test.context.SpringBootTestContextBootstrapper - Neither @ContextConfiguration nor @ContextHierarchy found for test class [com.example.WebProject.WebProjectApplicationTests], using SpringBootContextLoader
20:26:30.101 [Test worker] DEBUG org.springframework.test.context.support.AbstractContextLoader - Did not detect default resource location for test class [com.example.WebProject.WebProjectApplicationTests]: class path resource [com/example/WebProject/WebProjectApplicationTests-context.xml] does not exist
20:26:30.102 [Test worker] DEBUG org.springframework.test.context.support.AbstractContextLoader - Did not detect default resource location for test class [com.example.WebProject.WebProjectApplicationTests]: class path resource [com/example/WebProject/WebProjectApplicationTestsContext.groovy] does not exist
20:26:30.102 [Test worker] INFO org.springframework.test.context.support.AbstractContextLoader - Could not detect default resource locations for test class [com.example.WebProject.WebProjectApplicationTests]: no resource found for suffixes {-context.xml, Context.groovy}.
20:26:30.103 [Test worker] INFO org.springframework.test.context.support.AnnotationConfigContextLoaderUtils - Could not detect default configuration classes for test class [com.example.WebProject.WebProjectApplicationTests]: WebProjectApplicationTests does not declare any static, non-private, non-final, nested classes annotated with @Configuration.
20:26:30.166 [Test worker] DEBUG org.springframework.test.context.support.ActiveProfilesUtils - Could not find an 'annotation declaring class' for annotation type [org.springframework.test.context.ActiveProfiles] and class [com.example.WebProject.WebProjectApplicationTests]
20:26:30.224 [Test worker] DEBUG org.springframework.context.annotation.ClassPathScanningCandidateComponentProvider - Identified candidate component class: file [/Users/gimseongjun/Documents/GitHub/funnyTest/WebProject/build/classes/java/main/com/example/WebProject/WebProjectApplication.class]
20:26:30.225 [Test worker] INFO org.springframework.boot.test.context.SpringBootTestContextBootstrapper - Found @SpringBootConfiguration com.example.WebProject.WebProjectApplication for test class com.example.WebProject.WebProjectApplicationTests
20:26:30.340 [Test worker] DEBUG org.springframework.boot.test.context.SpringBootTestContextBootstrapper - @TestExecutionListeners is not present for class [com.example.WebProject.WebProjectApplicationTests]: using defaults.
20:26:30.341 [Test worker] INFO org.springframework.boot.test.context.SpringBootTestContextBootstrapper - Loaded default TestExecutionListener class names from location [META-INF/spring.factories]: [org.springframework.boot.test.autoconfigure.restdocs.RestDocsTestExecutionListener, org.springframework.boot.test.autoconfigure.web.client.MockRestServiceServerResetTestExecutionListener, org.springframework.boot.test.autoconfigure.web.servlet.MockMvcPrintOnlyOnFailureTestExecutionListener, org.springframework.boot.test.autoconfigure.web.servlet.WebDriverTestExecutionListener, org.springframework.boot.test.autoconfigure.webservices.client.MockWebServiceServerTestExecutionListener, org.springframework.boot.test.mock.mockito.MockitoTestExecutionListener, org.springframework.boot.test.mock.mockito.ResetMocksTestExecutionListener, org.springframework.test.context.web.ServletTestExecutionListener, org.springframework.test.context.support.DirtiesContextBeforeModesTestExecutionListener, org.springframework.test.context.event.ApplicationEventsTestExecutionListener, org.springframework.test.context.support.DependencyInjectionTestExecutionListener, org.springframework.test.context.support.DirtiesContextTestExecutionListener, org.springframework.test.context.transaction.TransactionalTestExecutionListener, org.springframework.test.context.jdbc.SqlScriptsTestExecutionListener, org.springframework.test.context.event.EventPublishingTestExecutionListener]
20:26:30.362 [Test worker] DEBUG org.springframework.boot.test.context.SpringBootTestContextBootstrapper - Skipping candidate TestExecutionListener [org.springframework.test.context.transaction.TransactionalTestExecutionListener] due to a missing dependency. Specify custom listener classes or make the default listener classes and their required dependencies available. Offending class: [org/springframework/transaction/TransactionDefinition]
20:26:30.363 [Test worker] DEBUG org.springframework.boot.test.context.SpringBootTestContextBootstrapper - Skipping candidate TestExecutionListener [org.springframework.test.context.jdbc.SqlScriptsTestExecutionListener] due to a missing dependency. Specify custom listener classes or make the default listener classes and their required dependencies available. Offending class: [org/springframework/transaction/interceptor/TransactionAttribute]
20:26:30.364 [Test worker] INFO org.springframework.boot.test.context.SpringBootTestContextBootstrapper - Using TestExecutionListeners: [org.springframework.test.context.web.ServletTestExecutionListener@2c26d62b, org.springframework.test.context.support.DirtiesContextBeforeModesTestExecutionListener@71f1ccc8, org.springframework.test.context.event.ApplicationEventsTestExecutionListener@c6e0508, org.springframework.boot.test.mock.mockito.MockitoTestExecutionListener@5d02c711, org.springframework.boot.test.autoconfigure.SpringBootDependencyInjectionTestExecutionListener@470fd514, org.springframework.test.context.support.DirtiesContextTestExecutionListener@3867d6b1, org.springframework.test.context.event.EventPublishingTestExecutionListener@44ddd2f0, org.springframework.boot.test.autoconfigure.restdocs.RestDocsTestExecutionListener@facbf35, org.springframework.boot.test.autoconfigure.web.client.MockRestServiceServerResetTestExecutionListener@36b27ca1, org.springframework.boot.test.autoconfigure.web.servlet.MockMvcPrintOnlyOnFailureTestExecutionListener@3066f698, org.springframework.boot.test.autoconfigure.web.servlet.WebDriverTestExecutionListener@1a06e836, org.springframework.boot.test.autoconfigure.webservices.client.MockWebServiceServerTestExecutionListener@70b9a954, org.springframework.boot.test.mock.mockito.ResetMocksTestExecutionListener@554b9496]
20:26:30.367 [Test worker] DEBUG org.springframework.test.context.support.AbstractDirtiesContextTestExecutionListener - Before test class: context [DefaultTestContext@7a6c3753 testClass = WebProjectApplicationTests, testInstance = [null], testMethod = [null], testException = [null], mergedContextConfiguration = [WebMergedContextConfiguration@165e4a63 testClass = WebProjectApplicationTests, locations = '{}', classes = '{class com.example.WebProject.WebProjectApplication}', contextInitializerClasses = '[]', activeProfiles = '{}', propertySourceLocations = '{}', propertySourceProperties = '{org.springframework.boot.test.context.SpringBootTestContextBootstrapper=true}', contextCustomizers = set[org.springframework.boot.test.autoconfigure.actuate.metrics.MetricsExportContextCustomizerFactory$DisableMetricExportContextCustomizer@167de871, org.springframework.boot.test.autoconfigure.properties.PropertyMappingContextCustomizer@0, org.springframework.boot.test.autoconfigure.web.servlet.WebDriverContextCustomizerFactory$Customizer@3c47b3d2, org.springframework.boot.test.context.filter.ExcludeFilterContextCustomizer@33d5405, org.springframework.boot.test.json.DuplicateJsonObjectContextCustomizerFactory$DuplicateJsonObjectContextCustomizer@4ba66adc, org.springframework.boot.test.mock.mockito.MockitoContextCustomizer@0, org.springframework.boot.test.web.client.TestRestTemplateContextCustomizer@23e6dfce, org.springframework.boot.test.context.SpringBootTestArgs@1, org.springframework.boot.test.context.SpringBootTestWebEnvironment@2245ed53], resourceBasePath = 'src/main/webapp', contextLoader = 'org.springframework.boot.test.context.SpringBootContextLoader', parent = [null]], attributes = map['org.springframework.test.context.web.ServletTestExecutionListener.activateListener' -> true]], class annotated with @DirtiesContext [false] with mode [null].
20:26:30.404 [Test worker] DEBUG org.springframework.test.context.support.TestPropertySourceUtils - Adding inlined properties to environment: {spring.jmx.enabled=false, org.springframework.boot.test.context.SpringBootTestContextBootstrapper=true}

  .   ____          _            __ _ _
 /\\ / ___'_ __ _ _(_)_ __  __ _ \ \ \ \
( ( )\___ | '_ | '_| | '_ \/ _` | \ \ \ \
 \\/  ___)| |_)| | | | | || (_| |  ) ) ) )
  '  |____| .__|_| |_|_| |_\__, | / / / /
 =========|_|==============|___/=/_/_/_/
 :: Spring Boot ::                (v2.4.2)

2021-02-02 20:26:30.785  INFO 7921 --- [    Test worker] c.e.W.WebProjectApplicationTests         : Starting WebProjectApplicationTests using Java 11.0.9.1 on gimseongjun-ui-MacBookPro.local with PID 7921 (started by gimseongjun in /Users/gimseongjun/Documents/GitHub/funnyTest/WebProject)
2021-02-02 20:26:30.788  INFO 7921 --- [    Test worker] c.e.W.WebProjectApplicationTests         : No active profile set, falling back to default profiles: default
2021-02-02 20:26:31.980  INFO 7921 --- [    Test worker] o.s.s.concurrent.ThreadPoolTaskExecutor  : Initializing ExecutorService 'applicationTaskExecutor'
2021-02-02 20:26:32.091  INFO 7921 --- [    Test worker] o.s.b.a.w.s.WelcomePageHandlerMapping    : Adding welcome page: class path resource [static/index.html]
2021-02-02 20:26:32.272  INFO 7921 --- [    Test worker] c.e.W.WebProjectApplicationTests         : Started WebProjectApplicationTests in 1.857 seconds (JVM running for 3.317)
]]></system-out>
  <system-err><![CDATA[]]></system-err>
</testsuite>
